<?xml version="1.0" encoding="UTF-8"?>
<testsuite xmlns:xsi="http://www.w3.org/2001/XMLSchema-instance" xsi:noNamespaceSchemaLocation="https://maven.apache.org/surefire/maven-surefire-plugin/xsd/surefire-test-report.xsd" name="TestSuite" time="249.776" tests="9" errors="0" skipped="0" failures="0">
  <properties>
[...]
</properties>
  <testcase name="clickMeTest" classname="com.telran.tests.elemens.ButtonsTest" time="0.245"/>
  <testcase name="doubleClickTest" classname="com.telran.tests.elemens.ButtonsTest" time="0.234"/>
  <testcase name="rightClick" classname="com.telran.tests.elemens.ButtonsTest" time="1.767"/>
  <testcase name="createNewStudentTest" classname="com.telran.tests.forms.PracticeFormTests" time="19.428"/>
  <testcase name="createNewStudentWithDataProviderTest" classname="com.telran.tests.forms.PracticeFormTests" time="18.521"/>
  <testcase name="createNewStudentWithDataProviderTest" classname="com.telran.tests.forms.PracticeFormTests" time="23.534"/>
  <testcase name="framesTest" classname="com.telran.tests.alertsWindows.FramesTests" time="3.45"/>
  <testcase name="switchToFrameByIdTest" classname="com.telran.tests.alertsWindows.FramesTests" time="0.871"/>
  <testcase name="switchToFrameByIndexTest" classname="com.telran.tests.alertsWindows.FramesTests" time="0.205"/>
</testsuite>