<?xml version="1.0" encoding="UTF-8"?>
<!-- Generated by org.testng.reporters.JUnitXMLReporter -->
<testsuite ignored="0" hostname="Air-Natalia.fritz.box" failures="0" tests="9" name="Set" time="248.527" errors="0" timestamp="2022-11-02T21:10:04 CET">
  <testcase classname="com.telran.tests.elemens.ButtonsTest" name="clickMeTest" time="0.235"/>
  <testcase classname="com.telran.tests.elemens.ButtonsTest" name="doubleClickTest" time="0.23"/>
  <testcase classname="com.telran.tests.elemens.ButtonsTest" name="rightClick" time="1.772"/>
  <testcase classname="com.telran.tests.forms.PracticeFormTests" name="createNewStudentTest" time="19.427"/>
  <testcase classname="com.telran.tests.forms.PracticeFormTests" name="createNewStudentWithDataProviderTest" time="18.51"/>
  <testcase classname="com.telran.tests.forms.PracticeFormTests" name="createNewStudentWithDataProviderTest" time="23.529"/>
  <testcase classname="com.telran.tests.alertsWindows.FramesTests" name="framesTest" time="3.455"/>
  <testcase classname="com.telran.tests.alertsWindows.FramesTests" name="switchToFrameByIdTest" time="0.874"/>
  <testcase classname="com.telran.tests.alertsWindows.FramesTests" name="switchToFrameByIndexTest" time="0.233"/>
</testsuite> <!-- Set -->
